
Magic 8.3 revision 668 - Compiled on Sun Jun 28 07:47:20 AM PDT 2026.
Starting magic under Tcl interpreter
Using the terminal as the console.
Using NULL graphics device.
Processing system .magicrc file
Switching to WIRING tool.
Switching to NETLIST tool.
Switching to PICK tool.
Switching to BOX tool.
Sourcing design .magicrc for technology gf180mcuD ...
10 Magic internal units = 1 Lambda
Input style import: scaleFactor=10, multiplier=2
The following types are not handled by extraction and will be treated as non-electrical types:
    obsactive mvobsactive filldiff fillpoly m1hole obsm1 fillm1 obsv1 m2hole obsm2 fillm2 obsv2 m3hole obsm3 fillm3 m4hole obsm4 fillm4 m5hole obsm5 fillm5 glass fillblock lvstext obscomment 
Scaled tech values by 10 / 1 to match internal grid scaling
Loading gf180mcuD Device Generator Menu ...
Using technology "gf180mcuD", version 1.0.572-0-g5443591
Cell tt_um_gojimmypi_ttgfa_UART_FSM_TRNG_Lab couldn't be read
No such file or directory
Creating new cell
Reading DEF data from file mag/tt_analog_1x2.def.
This action cannot be undone.
  Processed 0 subcell instances total.
  Processed 51 pins total.
  Processed 2 special nets total.
  Processed 51 nets total.
DEF read: Processed 363 lines.
Created analog Magic layout:
-rw-r--r-- 1 gojimmypi gojimmypi 6.6K Jun 28 11:24 mag/tt_um_gojimmypi_ttgfa_UART_FSM_TRNG_Lab.mag

Analog pin labels:
66:flabel metal4 s 32582 0 32882 100 0 FreeSans 736 0 0 0 ua[0]
68:flabel metal4 s 28214 0 28514 100 0 FreeSans 736 0 0 0 ua[1]
70:flabel metal4 s 23846 0 24146 100 0 FreeSans 736 0 0 0 ua[2]
72:flabel metal4 s 19478 0 19778 100 0 FreeSans 736 0 0 0 ua[3]
74:flabel metal4 s 15110 0 15410 100 0 FreeSans 736 0 0 0 ua[4]
76:flabel metal4 s 10742 0 11042 100 0 FreeSans 736 0 0 0 ua[5]
78:flabel metal4 s 6374 0 6674 100 0 FreeSans 736 0 0 0 ua[6]
80:flabel metal4 s 2006 0 2306 100 0 FreeSans 736 0 0 0 ua[7]

Power labels:
162:flabel metal4 s 0 0 100 32536 0 FreeSans 736 90 0 0 VGND
164:flabel metal4 s 34564 0 34664 32536 0 FreeSans 736 90 0 0 VDPWR
